{"uid":"fde5c8f9dd7eb64b","name":"emkmet_ru секция 1 и 4 -- @1.1 ","fullName":"Проверка сайта emkmet.ru: emkmet_ru секция 1 и 4","historyId":"a7f1014bfe412cd8b5c1fc6b1a69165b","time":{"start":1670059089896,"stop":1670059183308,"duration":93412},"status":"broken","statusMessage":"selenium.common.exceptions.TimeoutException: Message: Unable to find text: СПАСИБО ЗА ЗАЯВКУ!\n\n","statusTrace":"  File \"/opt/hostedtoolcache/Python/3.9.15/x64/lib/python3.9/site-packages/behave/model.py\", line 1812, in run\n    match.run(runner.context)\n  File \"/opt/hostedtoolcache/Python/3.9.15/x64/lib/python3.9/site-packages/behave/matchers.py\", line 97, in run\n    self.func(context, *args, **kwargs)\n  File \"features/steps/basic_steps.py\", line 67, in text_is_state\n    WebDriverWait(context.driver, 10).until(\n  File \"/opt/hostedtoolcache/Python/3.9.15/x64/lib/python3.9/site-packages/selenium/webdriver/support/wait.py\", line 80, in until\n    raise TimeoutException(message, screen, stacktrace)\n","flaky":false,"newFailed":false,"newBroken":false,"newPassed":false,"retriesCount":0,"retriesStatusChange":false,"beforeStages":[],"testStage":{"status":"broken","statusMessage":"selenium.common.exceptions.TimeoutException: Message: Unable to find text: СПАСИБО ЗА ЗАЯВКУ!\n\n","statusTrace":"  File \"/opt/hostedtoolcache/Python/3.9.15/x64/lib/python3.9/site-packages/behave/model.py\", line 1812, in run\n    match.run(runner.context)\n  File \"/opt/hostedtoolcache/Python/3.9.15/x64/lib/python3.9/site-packages/behave/matchers.py\", line 97, in run\n    self.func(context, *args, **kwargs)\n  File \"features/steps/basic_steps.py\", line 67, in text_is_state\n    WebDriverWait(context.driver, 10).until(\n  File \"/opt/hostedtoolcache/Python/3.9.15/x64/lib/python3.9/site-packages/selenium/webdriver/support/wait.py\", line 80, in until\n    raise TimeoutException(message, screen, stacktrace)\n","steps":[{"name":"Given open emkmet.ru page","time":{"start":1670059089924,"stop":1670059125604,"duration":35680},"status":"passed","steps":[],"attachments":[],"parameters":[],"stepsCount":0,"attachmentsCount":0,"shouldDisplayMessage":false,"hasContent":false},{"name":"When enter \"generated_company_name\" in company field in \"1 section\"","time":{"start":1670059125604,"stop":1670059126291,"duration":687},"status":"passed","steps":[],"attachments":[],"parameters":[],"stepsCount":0,"attachmentsCount":0,"shouldDisplayMessage":false,"hasContent":false},{"name":"When enter \"test_automation_product\" in product field in \"1 section\"","time":{"start":1670059126291,"stop":1670059126951,"duration":660},"status":"passed","steps":[],"attachments":[],"parameters":[],"stepsCount":0,"attachmentsCount":0,"shouldDisplayMessage":false,"hasContent":false},{"name":"When enter \"automation.emk@gmail.com\" in email field in \"1 section\"","time":{"start":1670059126951,"stop":1670059127676,"duration":725},"status":"passed","steps":[],"attachments":[],"parameters":[],"stepsCount":0,"attachmentsCount":0,"shouldDisplayMessage":false,"hasContent":false},{"name":"When enter \"70000000000\" in phone field in \"1 section\"","time":{"start":1670059127676,"stop":1670059128328,"duration":652},"status":"passed","steps":[],"attachments":[],"parameters":[],"stepsCount":0,"attachmentsCount":0,"shouldDisplayMessage":false,"hasContent":false},{"name":"When click on get price button in \"1 section\"","time":{"start":1670059128328,"stop":1670059128935,"duration":607},"status":"passed","steps":[],"attachments":[],"parameters":[],"stepsCount":0,"attachmentsCount":0,"shouldDisplayMessage":false,"hasContent":false},{"name":"Then text \"СПАСИБО ЗА ЗАЯВКУ!\" is displayed","time":{"start":1670059128935,"stop":1670059151026,"duration":22091},"status":"broken","statusMessage":"selenium.common.exceptions.TimeoutException: Message: Unable to find text: СПАСИБО ЗА ЗАЯВКУ!\n\n","statusTrace":"  File \"/opt/hostedtoolcache/Python/3.9.15/x64/lib/python3.9/site-packages/behave/model.py\", line 1812, in run\n    match.run(runner.context)\n  File \"/opt/hostedtoolcache/Python/3.9.15/x64/lib/python3.9/site-packages/behave/matchers.py\", line 97, in run\n    self.func(context, *args, **kwargs)\n  File \"features/steps/basic_steps.py\", line 67, in text_is_state\n    WebDriverWait(context.driver, 10).until(\n  File \"/opt/hostedtoolcache/Python/3.9.15/x64/lib/python3.9/site-packages/selenium/webdriver/support/wait.py\", line 80, in until\n    raise TimeoutException(message, screen, stacktrace)\n","steps":[],"attachments":[{"uid":"fe9063ebcda0d006","name":"screenshot","source":"fe9063ebcda0d006.png","type":"image/png","size":262149}],"parameters":[],"stepsCount":0,"attachmentsCount":1,"shouldDisplayMessage":true,"hasContent":true},{"name":"Then email with \"generated_company_name\" contains \"[COMPANY]: generated_company_name;Продукты : test_automation_product;[EMAIL]: automation.emk@gmail.com;[PHONE]: +7000000000\" in 900 sec","time":{"start":1670059151113,"stop":1670059161413,"duration":10300},"status":"passed","steps":[],"attachments":[],"parameters":[],"stepsCount":0,"attachmentsCount":0,"shouldDisplayMessage":false,"hasContent":false},{"name":"Given open emkmet.ru page","time":{"start":1670059161414,"stop":1670059162111,"duration":697},"status":"passed","steps":[],"attachments":[],"parameters":[],"stepsCount":0,"attachmentsCount":0,"shouldDisplayMessage":false,"hasContent":false},{"name":"When enter \"generated_company_name\" in company field in \"1 section\"","time":{"start":1670059162111,"stop":1670059162768,"duration":657},"status":"passed","steps":[],"attachments":[],"parameters":[],"stepsCount":0,"attachmentsCount":0,"shouldDisplayMessage":false,"hasContent":false},{"name":"When enter \"test_automation_product\" in product field in \"1 section\"","time":{"start":1670059162768,"stop":1670059163446,"duration":678},"status":"passed","steps":[],"attachments":[],"parameters":[],"stepsCount":0,"attachmentsCount":0,"shouldDisplayMessage":false,"hasContent":false},{"name":"When enter \"automation.emk@gmail.com\" in email field in \"1 section\"","time":{"start":1670059163446,"stop":1670059164162,"duration":716},"status":"passed","steps":[],"attachments":[],"parameters":[],"stepsCount":0,"attachmentsCount":0,"shouldDisplayMessage":false,"hasContent":false},{"name":"When enter \"70000000000\" in phone field in \"1 section\"","time":{"start":1670059164162,"stop":1670059164756,"duration":594},"status":"passed","steps":[],"attachments":[],"parameters":[],"stepsCount":0,"attachmentsCount":0,"shouldDisplayMessage":false,"hasContent":false},{"name":"When click on get price button in \"1 section\"","time":{"start":1670059164756,"stop":1670059183308,"duration":18552},"status":"broken","statusMessage":"selenium.common.exceptions.TimeoutException: Message: Unable to find text: СПАСИБО ЗА ЗАЯВКУ!\n\n","statusTrace":"  File \"/opt/hostedtoolcache/Python/3.9.15/x64/lib/python3.9/site-packages/behave/model.py\", line 1812, in run\n    match.run(runner.context)\n  File \"/opt/hostedtoolcache/Python/3.9.15/x64/lib/python3.9/site-packages/behave/matchers.py\", line 97, in run\n    self.func(context, *args, **kwargs)\n  File \"features/steps/basic_steps.py\", line 67, in text_is_state\n    WebDriverWait(context.driver, 10).until(\n  File \"/opt/hostedtoolcache/Python/3.9.15/x64/lib/python3.9/site-packages/selenium/webdriver/support/wait.py\", line 80, in until\n    raise TimeoutException(message, screen, stacktrace)\n","steps":[],"attachments":[{"uid":"4aeb21fccd8c6afc","name":"screenshot","source":"4aeb21fccd8c6afc.png","type":"image/png","size":262149}],"parameters":[],"stepsCount":0,"attachmentsCount":1,"shouldDisplayMessage":true,"hasContent":true},{"name":"Then text \"СПАСИБО ЗА ЗАЯВКУ!\" is displayed","time":{"start":1670059183308,"stop":1670059183308,"duration":0},"status":"broken","statusMessage":"selenium.common.exceptions.TimeoutException: Message: Unable to find text: СПАСИБО ЗА ЗАЯВКУ!\n\n","statusTrace":"  File \"/opt/hostedtoolcache/Python/3.9.15/x64/lib/python3.9/site-packages/behave/model.py\", line 1812, in run\n    match.run(runner.context)\n  File \"/opt/hostedtoolcache/Python/3.9.15/x64/lib/python3.9/site-packages/behave/matchers.py\", line 97, in run\n    self.func(context, *args, **kwargs)\n  File \"features/steps/basic_steps.py\", line 67, in text_is_state\n    WebDriverWait(context.driver, 10).until(\n  File \"/opt/hostedtoolcache/Python/3.9.15/x64/lib/python3.9/site-packages/selenium/webdriver/support/wait.py\", line 80, in until\n    raise TimeoutException(message, screen, stacktrace)\n","steps":[],"attachments":[],"parameters":[],"stepsCount":0,"attachmentsCount":0,"shouldDisplayMessage":true,"hasContent":true},{"name":"Then email with \"generated_company_name\" contains \"[COMPANY]: generated_company_name;Продукты : test_automation_product;[EMAIL]: automation.emk@gmail.com;[PHONE]: +7000000000\" in 900 sec","time":{"start":1670059183308,"stop":1670059183308,"duration":0},"status":"skipped","steps":[],"attachments":[],"parameters":[],"stepsCount":0,"attachmentsCount":0,"shouldDisplayMessage":false,"hasContent":false}],"attachments":[],"parameters":[],"stepsCount":16,"attachmentsCount":2,"shouldDisplayMessage":false,"hasContent":true},"afterStages":[],"labels":[{"name":"severity","value":"normal"},{"name":"tag","value":"regression"},{"name":"feature","value":"Проверка сайта emkmet.ru"},{"name":"framework","value":"behave"},{"name":"language","value":"cpython3"},{"name":"resultFormat","value":"allure2"}],"parameters":[{"name":"section","value":"1 section"}],"links":[],"hidden":false,"retry":false,"extra":{"severity":"normal","retries":[],"categories":[{"name":"Test defects","matchedStatuses":[],"flaky":false}],"tags":["regression"]},"source":"fde5c8f9dd7eb64b.json","parameterValues":["1 section"]}