{"uid":"af271aab0a10fff3","name":"Скачать стандарт emk24 -- @1.2 ","fullName":"Проверка кнопки скачать снандарт emk24: Скачать стандарт emk24","historyId":"b9b008694cb8c3c9c20cb5d5af5f199b","time":{"start":1669286397015,"stop":1669286434584,"duration":37569},"status":"broken","statusMessage":"selenium.common.exceptions.TimeoutException: Message: Не могу найти download pdf button в течение 5 сек\n\n","statusTrace":"  File \"/opt/hostedtoolcache/Python/3.9.15/x64/lib/python3.9/site-packages/behave/model.py\", line 1812, in run\n    match.run(runner.context)\n  File \"/opt/hostedtoolcache/Python/3.9.15/x64/lib/python3.9/site-packages/behave/matchers.py\", line 97, in run\n    self.func(context, *args, **kwargs)\n  File \"features/steps/basic_steps.py\", line 31, in click_on\n    context.current_page.click_on(element_name)\n  File \"/home/runner/work/popup-automation/popup-automation/features/pages/emk24_page.py\", line 73, in click_on\n    super(Emk24Page, self).click_on(element_name)\n  File \"/home/runner/work/popup-automation/popup-automation/features/pages/base_page.py\", line 32, in click_on\n    self.hover_element(element_name)\n  File \"/home/runner/work/popup-automation/popup-automation/features/pages/base_page.py\", line 26, in hover_element\n    element = self.get_clickable_element(locator)\n  File \"/home/runner/work/popup-automation/popup-automation/features/pages/base_page.py\", line 65, in get_clickable_element\n    return WebDriverWait(self.driver, timeout).until(\n  File \"/opt/hostedtoolcache/Python/3.9.15/x64/lib/python3.9/site-packages/selenium/webdriver/support/wait.py\", line 80, in until\n    raise TimeoutException(message, screen, stacktrace)\n","flaky":false,"newFailed":false,"newBroken":false,"newPassed":false,"retriesCount":0,"retriesStatusChange":false,"beforeStages":[],"testStage":{"status":"broken","statusMessage":"selenium.common.exceptions.TimeoutException: Message: Не могу найти download pdf button в течение 5 сек\n\n","statusTrace":"  File \"/opt/hostedtoolcache/Python/3.9.15/x64/lib/python3.9/site-packages/behave/model.py\", line 1812, in run\n    match.run(runner.context)\n  File \"/opt/hostedtoolcache/Python/3.9.15/x64/lib/python3.9/site-packages/behave/matchers.py\", line 97, in run\n    self.func(context, *args, **kwargs)\n  File \"features/steps/basic_steps.py\", line 31, in click_on\n    context.current_page.click_on(element_name)\n  File \"/home/runner/work/popup-automation/popup-automation/features/pages/emk24_page.py\", line 73, in click_on\n    super(Emk24Page, self).click_on(element_name)\n  File \"/home/runner/work/popup-automation/popup-automation/features/pages/base_page.py\", line 32, in click_on\n    self.hover_element(element_name)\n  File \"/home/runner/work/popup-automation/popup-automation/features/pages/base_page.py\", line 26, in hover_element\n    element = self.get_clickable_element(locator)\n  File \"/home/runner/work/popup-automation/popup-automation/features/pages/base_page.py\", line 65, in get_clickable_element\n    return WebDriverWait(self.driver, timeout).until(\n  File \"/opt/hostedtoolcache/Python/3.9.15/x64/lib/python3.9/site-packages/selenium/webdriver/support/wait.py\", line 80, in until\n    raise TimeoutException(message, screen, stacktrace)\n","steps":[{"name":"Given open emk24.by page","time":{"start":1669286397066,"stop":1669286400431,"duration":3365},"status":"passed","steps":[],"attachments":[],"parameters":[],"stepsCount":0,"attachmentsCount":0,"shouldDisplayMessage":false,"hasContent":false},{"name":"When open url: \"emk24.by/wiki/ansi_standarty/\"","time":{"start":1669286400431,"stop":1669286403416,"duration":2985},"status":"passed","steps":[],"attachments":[],"parameters":[],"stepsCount":0,"attachmentsCount":0,"shouldDisplayMessage":false,"hasContent":false},{"name":"When click on first standard button","time":{"start":1669286403416,"stop":1669286405397,"duration":1981},"status":"passed","steps":[],"attachments":[],"parameters":[],"stepsCount":0,"attachmentsCount":0,"shouldDisplayMessage":false,"hasContent":false},{"name":"When click on download pdf button","time":{"start":1669286405397,"stop":1669286417569,"duration":12172},"status":"broken","statusMessage":"selenium.common.exceptions.TimeoutException: Message: Не могу найти download pdf button в течение 5 сек\n\n","statusTrace":"  File \"/opt/hostedtoolcache/Python/3.9.15/x64/lib/python3.9/site-packages/behave/model.py\", line 1812, in run\n    match.run(runner.context)\n  File \"/opt/hostedtoolcache/Python/3.9.15/x64/lib/python3.9/site-packages/behave/matchers.py\", line 97, in run\n    self.func(context, *args, **kwargs)\n  File \"features/steps/basic_steps.py\", line 31, in click_on\n    context.current_page.click_on(element_name)\n  File \"/home/runner/work/popup-automation/popup-automation/features/pages/emk24_page.py\", line 73, in click_on\n    super(Emk24Page, self).click_on(element_name)\n  File \"/home/runner/work/popup-automation/popup-automation/features/pages/base_page.py\", line 32, in click_on\n    self.hover_element(element_name)\n  File \"/home/runner/work/popup-automation/popup-automation/features/pages/base_page.py\", line 26, in hover_element\n    element = self.get_clickable_element(locator)\n  File \"/home/runner/work/popup-automation/popup-automation/features/pages/base_page.py\", line 65, in get_clickable_element\n    return WebDriverWait(self.driver, timeout).until(\n  File \"/opt/hostedtoolcache/Python/3.9.15/x64/lib/python3.9/site-packages/selenium/webdriver/support/wait.py\", line 80, in until\n    raise TimeoutException(message, screen, stacktrace)\n","steps":[],"attachments":[{"uid":"ab34b6fb0ddc8b99","name":"screenshot","source":"ab34b6fb0ddc8b99.png","type":"image/png","size":303166}],"parameters":[],"stepsCount":0,"attachmentsCount":1,"shouldDisplayMessage":true,"hasContent":true},{"name":"When enter \"023456789\" in inn field","time":{"start":1669286417628,"stop":1669286418707,"duration":1079},"status":"passed","steps":[],"attachments":[],"parameters":[],"stepsCount":0,"attachmentsCount":0,"shouldDisplayMessage":false,"hasContent":false},{"name":"When enter \"+70000000000\" in standard phone field","time":{"start":1669286418707,"stop":1669286420322,"duration":1615},"status":"passed","steps":[],"attachments":[],"parameters":[],"stepsCount":0,"attachmentsCount":0,"shouldDisplayMessage":false,"hasContent":false},{"name":"When enter \"automation.emk@gmail.com\" in standard email field","time":{"start":1669286420323,"stop":1669286422341,"duration":2018},"status":"passed","steps":[],"attachments":[],"parameters":[],"stepsCount":0,"attachmentsCount":0,"shouldDisplayMessage":false,"hasContent":false},{"name":"When click on standard send button","time":{"start":1669286422341,"stop":1669286434583,"duration":12242},"status":"broken","statusMessage":"selenium.common.exceptions.TimeoutException: Message: Не могу найти download pdf button в течение 5 сек\n\n","statusTrace":"  File \"/opt/hostedtoolcache/Python/3.9.15/x64/lib/python3.9/site-packages/behave/model.py\", line 1812, in run\n    match.run(runner.context)\n  File \"/opt/hostedtoolcache/Python/3.9.15/x64/lib/python3.9/site-packages/behave/matchers.py\", line 97, in run\n    self.func(context, *args, **kwargs)\n  File \"features/steps/basic_steps.py\", line 31, in click_on\n    context.current_page.click_on(element_name)\n  File \"/home/runner/work/popup-automation/popup-automation/features/pages/emk24_page.py\", line 73, in click_on\n    super(Emk24Page, self).click_on(element_name)\n  File \"/home/runner/work/popup-automation/popup-automation/features/pages/base_page.py\", line 32, in click_on\n    self.hover_element(element_name)\n  File \"/home/runner/work/popup-automation/popup-automation/features/pages/base_page.py\", line 26, in hover_element\n    element = self.get_clickable_element(locator)\n  File \"/home/runner/work/popup-automation/popup-automation/features/pages/base_page.py\", line 65, in get_clickable_element\n    return WebDriverWait(self.driver, timeout).until(\n  File \"/opt/hostedtoolcache/Python/3.9.15/x64/lib/python3.9/site-packages/selenium/webdriver/support/wait.py\", line 80, in until\n    raise TimeoutException(message, screen, stacktrace)\n","steps":[],"attachments":[{"uid":"ada630e56b9d3f45","name":"screenshot","source":"ada630e56b9d3f45.png","type":"image/png","size":303200}],"parameters":[],"stepsCount":0,"attachmentsCount":1,"shouldDisplayMessage":true,"hasContent":true},{"name":"Then text \"Проверьте, пожалуйста\" is displayed","time":{"start":1669286434583,"stop":1669286434583,"duration":0},"status":"skipped","steps":[],"attachments":[],"parameters":[],"stepsCount":0,"attachmentsCount":0,"shouldDisplayMessage":false,"hasContent":false},{"name":"Then email with \"023456789\" contains \"emk24.by;Запрос на скачивание стандарта;[PHONE]: +70000000000;[EMAIL]: automation.emk@gmail.com\" in 900 sec","time":{"start":1669286434583,"stop":1669286434583,"duration":0},"status":"skipped","steps":[],"attachments":[],"parameters":[],"stepsCount":0,"attachmentsCount":0,"shouldDisplayMessage":false,"hasContent":false},{"name":"Given open emk24.by page","time":{"start":1669286434583,"stop":1669286434583,"duration":0},"status":"passed","steps":[],"attachments":[],"parameters":[],"stepsCount":0,"attachmentsCount":0,"shouldDisplayMessage":false,"hasContent":false},{"name":"When open url: \"emk24.by/wiki/ansi_standarty/\"","time":{"start":1669286434583,"stop":1669286434584,"duration":1},"status":"passed","steps":[],"attachments":[],"parameters":[],"stepsCount":0,"attachmentsCount":0,"shouldDisplayMessage":false,"hasContent":false},{"name":"When click on first standard button","time":{"start":1669286434584,"stop":1669286434584,"duration":0},"status":"passed","steps":[],"attachments":[],"parameters":[],"stepsCount":0,"attachmentsCount":0,"shouldDisplayMessage":false,"hasContent":false},{"name":"When click on download pdf button","time":{"start":1669286434584,"stop":1669286434584,"duration":0},"status":"broken","statusMessage":"selenium.common.exceptions.TimeoutException: Message: Не могу найти download pdf button в течение 5 сек\n\n","statusTrace":"  File \"/opt/hostedtoolcache/Python/3.9.15/x64/lib/python3.9/site-packages/behave/model.py\", line 1812, in run\n    match.run(runner.context)\n  File \"/opt/hostedtoolcache/Python/3.9.15/x64/lib/python3.9/site-packages/behave/matchers.py\", line 97, in run\n    self.func(context, *args, **kwargs)\n  File \"features/steps/basic_steps.py\", line 31, in click_on\n    context.current_page.click_on(element_name)\n  File \"/home/runner/work/popup-automation/popup-automation/features/pages/emk24_page.py\", line 73, in click_on\n    super(Emk24Page, self).click_on(element_name)\n  File \"/home/runner/work/popup-automation/popup-automation/features/pages/base_page.py\", line 32, in click_on\n    self.hover_element(element_name)\n  File \"/home/runner/work/popup-automation/popup-automation/features/pages/base_page.py\", line 26, in hover_element\n    element = self.get_clickable_element(locator)\n  File \"/home/runner/work/popup-automation/popup-automation/features/pages/base_page.py\", line 65, in get_clickable_element\n    return WebDriverWait(self.driver, timeout).until(\n  File \"/opt/hostedtoolcache/Python/3.9.15/x64/lib/python3.9/site-packages/selenium/webdriver/support/wait.py\", line 80, in until\n    raise TimeoutException(message, screen, stacktrace)\n","steps":[],"attachments":[],"parameters":[],"stepsCount":0,"attachmentsCount":0,"shouldDisplayMessage":true,"hasContent":true},{"name":"When enter \"023456789\" in inn field","time":{"start":1669286434584,"stop":1669286434584,"duration":0},"status":"skipped","steps":[],"attachments":[],"parameters":[],"stepsCount":0,"attachmentsCount":0,"shouldDisplayMessage":false,"hasContent":false},{"name":"When enter \"+70000000000\" in standard phone field","time":{"start":1669286434584,"stop":1669286434584,"duration":0},"status":"skipped","steps":[],"attachments":[],"parameters":[],"stepsCount":0,"attachmentsCount":0,"shouldDisplayMessage":false,"hasContent":false},{"name":"When enter \"automation.emk@gmail.com\" in standard email field","time":{"start":1669286434584,"stop":1669286434584,"duration":0},"status":"skipped","steps":[],"attachments":[],"parameters":[],"stepsCount":0,"attachmentsCount":0,"shouldDisplayMessage":false,"hasContent":false},{"name":"When click on standard send button","time":{"start":1669286434584,"stop":1669286434584,"duration":0},"status":"skipped","steps":[],"attachments":[],"parameters":[],"stepsCount":0,"attachmentsCount":0,"shouldDisplayMessage":false,"hasContent":false},{"name":"Then text \"Проверьте, пожалуйста\" is displayed","time":{"start":1669286434584,"stop":1669286434584,"duration":0},"status":"skipped","steps":[],"attachments":[],"parameters":[],"stepsCount":0,"attachmentsCount":0,"shouldDisplayMessage":false,"hasContent":false},{"name":"Then email with \"023456789\" contains \"emk24.by;Запрос на скачивание стандарта;[PHONE]: +70000000000;[EMAIL]: automation.emk@gmail.com\" in 900 sec","time":{"start":1669286434584,"stop":1669286434584,"duration":0},"status":"skipped","steps":[],"attachments":[],"parameters":[],"stepsCount":0,"attachmentsCount":0,"shouldDisplayMessage":false,"hasContent":false}],"attachments":[],"parameters":[],"stepsCount":20,"attachmentsCount":2,"shouldDisplayMessage":false,"hasContent":true},"afterStages":[],"labels":[{"name":"severity","value":"normal"},{"name":"tag","value":"regression"},{"name":"feature","value":"Проверка кнопки скачать снандарт emk24"},{"name":"framework","value":"behave"},{"name":"language","value":"cpython3"},{"name":"resultFormat","value":"allure2"}],"parameters":[{"name":"inn","value":"023456789"},{"name":"url","value":"emk24.by"}],"links":[],"hidden":false,"retry":false,"extra":{"severity":"normal","retries":[],"categories":[{"name":"Test defects","matchedStatuses":[],"flaky":false}],"tags":["regression"]},"source":"af271aab0a10fff3.json","parameterValues":["023456789","emk24.by"]}