{"uid":"688f9286dbf7e07f","name":"Скачать стандарт emk24 -- @1.4 ","fullName":"Проверка кнопки скачать снандарт emk24: Скачать стандарт emk24","historyId":"93844706c81e1e70d6bdde791d966554","time":{"start":1669606895237,"stop":1669606931800,"duration":36563},"status":"broken","statusMessage":"selenium.common.exceptions.TimeoutException: Message: Не могу найти download pdf button в течение 5 сек\n\n","statusTrace":"  File \"/opt/hostedtoolcache/Python/3.9.15/x64/lib/python3.9/site-packages/behave/model.py\", line 1812, in run\n    match.run(runner.context)\n  File \"/opt/hostedtoolcache/Python/3.9.15/x64/lib/python3.9/site-packages/behave/matchers.py\", line 97, in run\n    self.func(context, *args, **kwargs)\n  File \"features/steps/basic_steps.py\", line 31, in click_on\n    context.current_page.click_on(element_name)\n  File \"/home/runner/work/popup-automation/popup-automation/features/pages/emk24_page.py\", line 73, in click_on\n    super(Emk24Page, self).click_on(element_name)\n  File \"/home/runner/work/popup-automation/popup-automation/features/pages/base_page.py\", line 32, in click_on\n    self.hover_element(element_name)\n  File \"/home/runner/work/popup-automation/popup-automation/features/pages/base_page.py\", line 26, in hover_element\n    element = self.get_clickable_element(locator)\n  File \"/home/runner/work/popup-automation/popup-automation/features/pages/base_page.py\", line 65, in get_clickable_element\n    return WebDriverWait(self.driver, timeout).until(\n  File \"/opt/hostedtoolcache/Python/3.9.15/x64/lib/python3.9/site-packages/selenium/webdriver/support/wait.py\", line 80, in until\n    raise TimeoutException(message, screen, stacktrace)\n","flaky":false,"newFailed":false,"newBroken":false,"newPassed":false,"retriesCount":0,"retriesStatusChange":false,"beforeStages":[],"testStage":{"status":"broken","statusMessage":"selenium.common.exceptions.TimeoutException: Message: Не могу найти download pdf button в течение 5 сек\n\n","statusTrace":"  File \"/opt/hostedtoolcache/Python/3.9.15/x64/lib/python3.9/site-packages/behave/model.py\", line 1812, in run\n    match.run(runner.context)\n  File \"/opt/hostedtoolcache/Python/3.9.15/x64/lib/python3.9/site-packages/behave/matchers.py\", line 97, in run\n    self.func(context, *args, **kwargs)\n  File \"features/steps/basic_steps.py\", line 31, in click_on\n    context.current_page.click_on(element_name)\n  File \"/home/runner/work/popup-automation/popup-automation/features/pages/emk24_page.py\", line 73, in click_on\n    super(Emk24Page, self).click_on(element_name)\n  File \"/home/runner/work/popup-automation/popup-automation/features/pages/base_page.py\", line 32, in click_on\n    self.hover_element(element_name)\n  File \"/home/runner/work/popup-automation/popup-automation/features/pages/base_page.py\", line 26, in hover_element\n    element = self.get_clickable_element(locator)\n  File \"/home/runner/work/popup-automation/popup-automation/features/pages/base_page.py\", line 65, in get_clickable_element\n    return WebDriverWait(self.driver, timeout).until(\n  File \"/opt/hostedtoolcache/Python/3.9.15/x64/lib/python3.9/site-packages/selenium/webdriver/support/wait.py\", line 80, in until\n    raise TimeoutException(message, screen, stacktrace)\n","steps":[{"name":"Given open emk24.com.ua page","time":{"start":1669606895285,"stop":1669606898878,"duration":3593},"status":"passed","steps":[],"attachments":[],"parameters":[],"stepsCount":0,"attachmentsCount":0,"shouldDisplayMessage":false,"hasContent":false},{"name":"When open url: \"emk24.com.ua/wiki/ansi_standarty/\"","time":{"start":1669606898878,"stop":1669606900111,"duration":1233},"status":"passed","steps":[],"attachments":[],"parameters":[],"stepsCount":0,"attachmentsCount":0,"shouldDisplayMessage":false,"hasContent":false},{"name":"When click on first standard button","time":{"start":1669606900112,"stop":1669606902862,"duration":2750},"status":"passed","steps":[],"attachments":[],"parameters":[],"stepsCount":0,"attachmentsCount":0,"shouldDisplayMessage":false,"hasContent":false},{"name":"When click on download pdf button","time":{"start":1669606902862,"stop":1669606914888,"duration":12026},"status":"broken","statusMessage":"selenium.common.exceptions.TimeoutException: Message: Не могу найти download pdf button в течение 5 сек\n\n","statusTrace":"  File \"/opt/hostedtoolcache/Python/3.9.15/x64/lib/python3.9/site-packages/behave/model.py\", line 1812, in run\n    match.run(runner.context)\n  File \"/opt/hostedtoolcache/Python/3.9.15/x64/lib/python3.9/site-packages/behave/matchers.py\", line 97, in run\n    self.func(context, *args, **kwargs)\n  File \"features/steps/basic_steps.py\", line 31, in click_on\n    context.current_page.click_on(element_name)\n  File \"/home/runner/work/popup-automation/popup-automation/features/pages/emk24_page.py\", line 73, in click_on\n    super(Emk24Page, self).click_on(element_name)\n  File \"/home/runner/work/popup-automation/popup-automation/features/pages/base_page.py\", line 32, in click_on\n    self.hover_element(element_name)\n  File \"/home/runner/work/popup-automation/popup-automation/features/pages/base_page.py\", line 26, in hover_element\n    element = self.get_clickable_element(locator)\n  File \"/home/runner/work/popup-automation/popup-automation/features/pages/base_page.py\", line 65, in get_clickable_element\n    return WebDriverWait(self.driver, timeout).until(\n  File \"/opt/hostedtoolcache/Python/3.9.15/x64/lib/python3.9/site-packages/selenium/webdriver/support/wait.py\", line 80, in until\n    raise TimeoutException(message, screen, stacktrace)\n","steps":[],"attachments":[{"uid":"f9b4e7ac30e7564b","name":"screenshot","source":"f9b4e7ac30e7564b.png","type":"image/png","size":260404}],"parameters":[],"stepsCount":0,"attachmentsCount":1,"shouldDisplayMessage":true,"hasContent":true},{"name":"When enter \"043456789\" in inn field","time":{"start":1669606914941,"stop":1669606916384,"duration":1443},"status":"passed","steps":[],"attachments":[],"parameters":[],"stepsCount":0,"attachmentsCount":0,"shouldDisplayMessage":false,"hasContent":false},{"name":"When enter \"+70000000000\" in standard phone field","time":{"start":1669606916384,"stop":1669606917699,"duration":1315},"status":"passed","steps":[],"attachments":[],"parameters":[],"stepsCount":0,"attachmentsCount":0,"shouldDisplayMessage":false,"hasContent":false},{"name":"When enter \"automation.emk@gmail.com\" in standard email field","time":{"start":1669606917700,"stop":1669606919777,"duration":2077},"status":"passed","steps":[],"attachments":[],"parameters":[],"stepsCount":0,"attachmentsCount":0,"shouldDisplayMessage":false,"hasContent":false},{"name":"When click on standard send button","time":{"start":1669606919777,"stop":1669606931798,"duration":12021},"status":"broken","statusMessage":"selenium.common.exceptions.TimeoutException: Message: Не могу найти download pdf button в течение 5 сек\n\n","statusTrace":"  File \"/opt/hostedtoolcache/Python/3.9.15/x64/lib/python3.9/site-packages/behave/model.py\", line 1812, in run\n    match.run(runner.context)\n  File \"/opt/hostedtoolcache/Python/3.9.15/x64/lib/python3.9/site-packages/behave/matchers.py\", line 97, in run\n    self.func(context, *args, **kwargs)\n  File \"features/steps/basic_steps.py\", line 31, in click_on\n    context.current_page.click_on(element_name)\n  File \"/home/runner/work/popup-automation/popup-automation/features/pages/emk24_page.py\", line 73, in click_on\n    super(Emk24Page, self).click_on(element_name)\n  File \"/home/runner/work/popup-automation/popup-automation/features/pages/base_page.py\", line 32, in click_on\n    self.hover_element(element_name)\n  File \"/home/runner/work/popup-automation/popup-automation/features/pages/base_page.py\", line 26, in hover_element\n    element = self.get_clickable_element(locator)\n  File \"/home/runner/work/popup-automation/popup-automation/features/pages/base_page.py\", line 65, in get_clickable_element\n    return WebDriverWait(self.driver, timeout).until(\n  File \"/opt/hostedtoolcache/Python/3.9.15/x64/lib/python3.9/site-packages/selenium/webdriver/support/wait.py\", line 80, in until\n    raise TimeoutException(message, screen, stacktrace)\n","steps":[],"attachments":[{"uid":"ce98dd5d739e5ad3","name":"screenshot","source":"ce98dd5d739e5ad3.png","type":"image/png","size":260404}],"parameters":[],"stepsCount":0,"attachmentsCount":1,"shouldDisplayMessage":true,"hasContent":true},{"name":"Then text \"Проверьте, пожалуйста\" is displayed","time":{"start":1669606931799,"stop":1669606931799,"duration":0},"status":"skipped","steps":[],"attachments":[],"parameters":[],"stepsCount":0,"attachmentsCount":0,"shouldDisplayMessage":false,"hasContent":false},{"name":"Then email with \"043456789\" contains \"emk24.com.ua;Запрос на скачивание стандарта;[PHONE]: +70000000000;[EMAIL]: automation.emk@gmail.com\" in 900 sec","time":{"start":1669606931799,"stop":1669606931799,"duration":0},"status":"skipped","steps":[],"attachments":[],"parameters":[],"stepsCount":0,"attachmentsCount":0,"shouldDisplayMessage":false,"hasContent":false},{"name":"Given open emk24.com.ua page","time":{"start":1669606931799,"stop":1669606931799,"duration":0},"status":"passed","steps":[],"attachments":[],"parameters":[],"stepsCount":0,"attachmentsCount":0,"shouldDisplayMessage":false,"hasContent":false},{"name":"When open url: \"emk24.com.ua/wiki/ansi_standarty/\"","time":{"start":1669606931799,"stop":1669606931799,"duration":0},"status":"passed","steps":[],"attachments":[],"parameters":[],"stepsCount":0,"attachmentsCount":0,"shouldDisplayMessage":false,"hasContent":false},{"name":"When click on first standard button","time":{"start":1669606931799,"stop":1669606931799,"duration":0},"status":"passed","steps":[],"attachments":[],"parameters":[],"stepsCount":0,"attachmentsCount":0,"shouldDisplayMessage":false,"hasContent":false},{"name":"When click on download pdf button","time":{"start":1669606931799,"stop":1669606931799,"duration":0},"status":"broken","statusMessage":"selenium.common.exceptions.TimeoutException: Message: Не могу найти download pdf button в течение 5 сек\n\n","statusTrace":"  File \"/opt/hostedtoolcache/Python/3.9.15/x64/lib/python3.9/site-packages/behave/model.py\", line 1812, in run\n    match.run(runner.context)\n  File \"/opt/hostedtoolcache/Python/3.9.15/x64/lib/python3.9/site-packages/behave/matchers.py\", line 97, in run\n    self.func(context, *args, **kwargs)\n  File \"features/steps/basic_steps.py\", line 31, in click_on\n    context.current_page.click_on(element_name)\n  File \"/home/runner/work/popup-automation/popup-automation/features/pages/emk24_page.py\", line 73, in click_on\n    super(Emk24Page, self).click_on(element_name)\n  File \"/home/runner/work/popup-automation/popup-automation/features/pages/base_page.py\", line 32, in click_on\n    self.hover_element(element_name)\n  File \"/home/runner/work/popup-automation/popup-automation/features/pages/base_page.py\", line 26, in hover_element\n    element = self.get_clickable_element(locator)\n  File \"/home/runner/work/popup-automation/popup-automation/features/pages/base_page.py\", line 65, in get_clickable_element\n    return WebDriverWait(self.driver, timeout).until(\n  File \"/opt/hostedtoolcache/Python/3.9.15/x64/lib/python3.9/site-packages/selenium/webdriver/support/wait.py\", line 80, in until\n    raise TimeoutException(message, screen, stacktrace)\n","steps":[],"attachments":[],"parameters":[],"stepsCount":0,"attachmentsCount":0,"shouldDisplayMessage":true,"hasContent":true},{"name":"When enter \"043456789\" in inn field","time":{"start":1669606931799,"stop":1669606931799,"duration":0},"status":"skipped","steps":[],"attachments":[],"parameters":[],"stepsCount":0,"attachmentsCount":0,"shouldDisplayMessage":false,"hasContent":false},{"name":"When enter \"+70000000000\" in standard phone field","time":{"start":1669606931799,"stop":1669606931799,"duration":0},"status":"skipped","steps":[],"attachments":[],"parameters":[],"stepsCount":0,"attachmentsCount":0,"shouldDisplayMessage":false,"hasContent":false},{"name":"When enter \"automation.emk@gmail.com\" in standard email field","time":{"start":1669606931799,"stop":1669606931799,"duration":0},"status":"skipped","steps":[],"attachments":[],"parameters":[],"stepsCount":0,"attachmentsCount":0,"shouldDisplayMessage":false,"hasContent":false},{"name":"When click on standard send button","time":{"start":1669606931799,"stop":1669606931799,"duration":0},"status":"skipped","steps":[],"attachments":[],"parameters":[],"stepsCount":0,"attachmentsCount":0,"shouldDisplayMessage":false,"hasContent":false},{"name":"Then text \"Проверьте, пожалуйста\" is displayed","time":{"start":1669606931799,"stop":1669606931799,"duration":0},"status":"skipped","steps":[],"attachments":[],"parameters":[],"stepsCount":0,"attachmentsCount":0,"shouldDisplayMessage":false,"hasContent":false},{"name":"Then email with \"043456789\" contains \"emk24.com.ua;Запрос на скачивание стандарта;[PHONE]: +70000000000;[EMAIL]: automation.emk@gmail.com\" in 900 sec","time":{"start":1669606931800,"stop":1669606931800,"duration":0},"status":"skipped","steps":[],"attachments":[],"parameters":[],"stepsCount":0,"attachmentsCount":0,"shouldDisplayMessage":false,"hasContent":false}],"attachments":[],"parameters":[],"stepsCount":20,"attachmentsCount":2,"shouldDisplayMessage":false,"hasContent":true},"afterStages":[],"labels":[{"name":"severity","value":"normal"},{"name":"tag","value":"regression"},{"name":"feature","value":"Проверка кнопки скачать снандарт emk24"},{"name":"framework","value":"behave"},{"name":"language","value":"cpython3"},{"name":"resultFormat","value":"allure2"}],"parameters":[{"name":"inn","value":"043456789"},{"name":"url","value":"emk24.com.ua"}],"links":[],"hidden":false,"retry":false,"extra":{"severity":"normal","retries":[],"categories":[{"name":"Test defects","matchedStatuses":[],"flaky":false}],"history":{"statistic":{"failed":0,"broken":5,"skipped":0,"passed":0,"unknown":0,"total":5},"items":[{"uid":"ba5cca5ad718322b","reportUrl":"https://automation-emk.github.io/popup-automation/28//#testresult/ba5cca5ad718322b","status":"broken","statusDetails":"selenium.common.exceptions.TimeoutException: Message: Не могу найти download pdf button в течение 5 сек\n\n","time":{"start":1669522101180,"stop":1669522137720,"duration":36540}},{"uid":"9924c66773d02133","reportUrl":"https://automation-emk.github.io/popup-automation/27//#testresult/9924c66773d02133","status":"broken","statusDetails":"selenium.common.exceptions.TimeoutException: Message: Не могу найти download pdf button в течение 5 сек\n\n","time":{"start":1669433937297,"stop":1669433972847,"duration":35550}},{"uid":"10f21f7415c3fb38","reportUrl":"https://automation-emk.github.io/popup-automation/26//#testresult/10f21f7415c3fb38","status":"broken","statusDetails":"selenium.common.exceptions.TimeoutException: Message: Не могу найти download pdf button в течение 5 сек\n\n","time":{"start":1669349004538,"stop":1669349042837,"duration":38299}},{"uid":"c49ff952be03d74d","reportUrl":"https://automation-emk.github.io/popup-automation/25//#testresult/c49ff952be03d74d","status":"broken","statusDetails":"selenium.common.exceptions.TimeoutException: Message: Не могу найти download pdf button в течение 5 сек\n\n","time":{"start":1669286472793,"stop":1669286506101,"duration":33308}}]},"tags":["regression"]},"source":"688f9286dbf7e07f.json","parameterValues":["043456789","emk24.com.ua"]}