{"uid":"e676285c1b25ae","name":"Скачать стандарт emk24 -- @1.3 ","fullName":"Проверка кнопки скачать снандарт emk24: Скачать стандарт emk24","historyId":"381d7f9d2ba61b151ddb547c93614f61","time":{"start":1669606854430,"stop":1669606895236,"duration":40806},"status":"broken","statusMessage":"selenium.common.exceptions.TimeoutException: Message: Не могу найти download pdf button в течение 5 сек\n\n","statusTrace":"  File \"/opt/hostedtoolcache/Python/3.9.15/x64/lib/python3.9/site-packages/behave/model.py\", line 1812, in run\n    match.run(runner.context)\n  File \"/opt/hostedtoolcache/Python/3.9.15/x64/lib/python3.9/site-packages/behave/matchers.py\", line 97, in run\n    self.func(context, *args, **kwargs)\n  File \"features/steps/basic_steps.py\", line 31, in click_on\n    context.current_page.click_on(element_name)\n  File \"/home/runner/work/popup-automation/popup-automation/features/pages/emk24_page.py\", line 73, in click_on\n    super(Emk24Page, self).click_on(element_name)\n  File \"/home/runner/work/popup-automation/popup-automation/features/pages/base_page.py\", line 32, in click_on\n    self.hover_element(element_name)\n  File \"/home/runner/work/popup-automation/popup-automation/features/pages/base_page.py\", line 26, in hover_element\n    element = self.get_clickable_element(locator)\n  File \"/home/runner/work/popup-automation/popup-automation/features/pages/base_page.py\", line 65, in get_clickable_element\n    return WebDriverWait(self.driver, timeout).until(\n  File \"/opt/hostedtoolcache/Python/3.9.15/x64/lib/python3.9/site-packages/selenium/webdriver/support/wait.py\", line 80, in until\n    raise TimeoutException(message, screen, stacktrace)\n","flaky":false,"newFailed":false,"newBroken":false,"newPassed":false,"retriesCount":0,"retriesStatusChange":false,"beforeStages":[],"testStage":{"status":"broken","statusMessage":"selenium.common.exceptions.TimeoutException: Message: Не могу найти download pdf button в течение 5 сек\n\n","statusTrace":"  File \"/opt/hostedtoolcache/Python/3.9.15/x64/lib/python3.9/site-packages/behave/model.py\", line 1812, in run\n    match.run(runner.context)\n  File \"/opt/hostedtoolcache/Python/3.9.15/x64/lib/python3.9/site-packages/behave/matchers.py\", line 97, in run\n    self.func(context, *args, **kwargs)\n  File \"features/steps/basic_steps.py\", line 31, in click_on\n    context.current_page.click_on(element_name)\n  File \"/home/runner/work/popup-automation/popup-automation/features/pages/emk24_page.py\", line 73, in click_on\n    super(Emk24Page, self).click_on(element_name)\n  File \"/home/runner/work/popup-automation/popup-automation/features/pages/base_page.py\", line 32, in click_on\n    self.hover_element(element_name)\n  File \"/home/runner/work/popup-automation/popup-automation/features/pages/base_page.py\", line 26, in hover_element\n    element = self.get_clickable_element(locator)\n  File \"/home/runner/work/popup-automation/popup-automation/features/pages/base_page.py\", line 65, in get_clickable_element\n    return WebDriverWait(self.driver, timeout).until(\n  File \"/opt/hostedtoolcache/Python/3.9.15/x64/lib/python3.9/site-packages/selenium/webdriver/support/wait.py\", line 80, in until\n    raise TimeoutException(message, screen, stacktrace)\n","steps":[{"name":"Given open emk24.kz page","time":{"start":1669606854476,"stop":1669606859507,"duration":5031},"status":"passed","steps":[],"attachments":[],"parameters":[],"stepsCount":0,"attachmentsCount":0,"shouldDisplayMessage":false,"hasContent":false},{"name":"When open url: \"emk24.kz/wiki/ansi_standarty/\"","time":{"start":1669606859507,"stop":1669606861635,"duration":2128},"status":"passed","steps":[],"attachments":[],"parameters":[],"stepsCount":0,"attachmentsCount":0,"shouldDisplayMessage":false,"hasContent":false},{"name":"When click on first standard button","time":{"start":1669606861636,"stop":1669606864309,"duration":2673},"status":"passed","steps":[],"attachments":[],"parameters":[],"stepsCount":0,"attachmentsCount":0,"shouldDisplayMessage":false,"hasContent":false},{"name":"When click on download pdf button","time":{"start":1669606864309,"stop":1669606876505,"duration":12196},"status":"broken","statusMessage":"selenium.common.exceptions.TimeoutException: Message: Не могу найти download pdf button в течение 5 сек\n\n","statusTrace":"  File \"/opt/hostedtoolcache/Python/3.9.15/x64/lib/python3.9/site-packages/behave/model.py\", line 1812, in run\n    match.run(runner.context)\n  File \"/opt/hostedtoolcache/Python/3.9.15/x64/lib/python3.9/site-packages/behave/matchers.py\", line 97, in run\n    self.func(context, *args, **kwargs)\n  File \"features/steps/basic_steps.py\", line 31, in click_on\n    context.current_page.click_on(element_name)\n  File \"/home/runner/work/popup-automation/popup-automation/features/pages/emk24_page.py\", line 73, in click_on\n    super(Emk24Page, self).click_on(element_name)\n  File \"/home/runner/work/popup-automation/popup-automation/features/pages/base_page.py\", line 32, in click_on\n    self.hover_element(element_name)\n  File \"/home/runner/work/popup-automation/popup-automation/features/pages/base_page.py\", line 26, in hover_element\n    element = self.get_clickable_element(locator)\n  File \"/home/runner/work/popup-automation/popup-automation/features/pages/base_page.py\", line 65, in get_clickable_element\n    return WebDriverWait(self.driver, timeout).until(\n  File \"/opt/hostedtoolcache/Python/3.9.15/x64/lib/python3.9/site-packages/selenium/webdriver/support/wait.py\", line 80, in until\n    raise TimeoutException(message, screen, stacktrace)\n","steps":[],"attachments":[{"uid":"b4ce90cc688edba9","name":"screenshot","source":"b4ce90cc688edba9.png","type":"image/png","size":303558}],"parameters":[],"stepsCount":0,"attachmentsCount":1,"shouldDisplayMessage":true,"hasContent":true},{"name":"When enter \"033456789\" in inn field","time":{"start":1669606876562,"stop":1669606878749,"duration":2187},"status":"passed","steps":[],"attachments":[],"parameters":[],"stepsCount":0,"attachmentsCount":0,"shouldDisplayMessage":false,"hasContent":false},{"name":"When enter \"+70000000000\" in standard phone field","time":{"start":1669606878749,"stop":1669606880594,"duration":1845},"status":"passed","steps":[],"attachments":[],"parameters":[],"stepsCount":0,"attachmentsCount":0,"shouldDisplayMessage":false,"hasContent":false},{"name":"When enter \"automation.emk@gmail.com\" in standard email field","time":{"start":1669606880594,"stop":1669606883237,"duration":2643},"status":"passed","steps":[],"attachments":[],"parameters":[],"stepsCount":0,"attachmentsCount":0,"shouldDisplayMessage":false,"hasContent":false},{"name":"When click on standard send button","time":{"start":1669606883237,"stop":1669606895235,"duration":11998},"status":"broken","statusMessage":"selenium.common.exceptions.TimeoutException: Message: Не могу найти download pdf button в течение 5 сек\n\n","statusTrace":"  File \"/opt/hostedtoolcache/Python/3.9.15/x64/lib/python3.9/site-packages/behave/model.py\", line 1812, in run\n    match.run(runner.context)\n  File \"/opt/hostedtoolcache/Python/3.9.15/x64/lib/python3.9/site-packages/behave/matchers.py\", line 97, in run\n    self.func(context, *args, **kwargs)\n  File \"features/steps/basic_steps.py\", line 31, in click_on\n    context.current_page.click_on(element_name)\n  File \"/home/runner/work/popup-automation/popup-automation/features/pages/emk24_page.py\", line 73, in click_on\n    super(Emk24Page, self).click_on(element_name)\n  File \"/home/runner/work/popup-automation/popup-automation/features/pages/base_page.py\", line 32, in click_on\n    self.hover_element(element_name)\n  File \"/home/runner/work/popup-automation/popup-automation/features/pages/base_page.py\", line 26, in hover_element\n    element = self.get_clickable_element(locator)\n  File \"/home/runner/work/popup-automation/popup-automation/features/pages/base_page.py\", line 65, in get_clickable_element\n    return WebDriverWait(self.driver, timeout).until(\n  File \"/opt/hostedtoolcache/Python/3.9.15/x64/lib/python3.9/site-packages/selenium/webdriver/support/wait.py\", line 80, in until\n    raise TimeoutException(message, screen, stacktrace)\n","steps":[],"attachments":[{"uid":"8400d499e8242ab2","name":"screenshot","source":"8400d499e8242ab2.png","type":"image/png","size":303558}],"parameters":[],"stepsCount":0,"attachmentsCount":1,"shouldDisplayMessage":true,"hasContent":true},{"name":"Then text \"Проверьте, пожалуйста\" is displayed","time":{"start":1669606895235,"stop":1669606895236,"duration":1},"status":"skipped","steps":[],"attachments":[],"parameters":[],"stepsCount":0,"attachmentsCount":0,"shouldDisplayMessage":false,"hasContent":false},{"name":"Then email with \"033456789\" contains \"emk24.kz;Запрос на скачивание стандарта;[PHONE]: +70000000000;[EMAIL]: automation.emk@gmail.com\" in 900 sec","time":{"start":1669606895236,"stop":1669606895236,"duration":0},"status":"skipped","steps":[],"attachments":[],"parameters":[],"stepsCount":0,"attachmentsCount":0,"shouldDisplayMessage":false,"hasContent":false},{"name":"Given open emk24.kz page","time":{"start":1669606895236,"stop":1669606895236,"duration":0},"status":"passed","steps":[],"attachments":[],"parameters":[],"stepsCount":0,"attachmentsCount":0,"shouldDisplayMessage":false,"hasContent":false},{"name":"When open url: \"emk24.kz/wiki/ansi_standarty/\"","time":{"start":1669606895236,"stop":1669606895236,"duration":0},"status":"passed","steps":[],"attachments":[],"parameters":[],"stepsCount":0,"attachmentsCount":0,"shouldDisplayMessage":false,"hasContent":false},{"name":"When click on first standard button","time":{"start":1669606895236,"stop":1669606895236,"duration":0},"status":"passed","steps":[],"attachments":[],"parameters":[],"stepsCount":0,"attachmentsCount":0,"shouldDisplayMessage":false,"hasContent":false},{"name":"When click on download pdf button","time":{"start":1669606895236,"stop":1669606895236,"duration":0},"status":"broken","statusMessage":"selenium.common.exceptions.TimeoutException: Message: Не могу найти download pdf button в течение 5 сек\n\n","statusTrace":"  File \"/opt/hostedtoolcache/Python/3.9.15/x64/lib/python3.9/site-packages/behave/model.py\", line 1812, in run\n    match.run(runner.context)\n  File \"/opt/hostedtoolcache/Python/3.9.15/x64/lib/python3.9/site-packages/behave/matchers.py\", line 97, in run\n    self.func(context, *args, **kwargs)\n  File \"features/steps/basic_steps.py\", line 31, in click_on\n    context.current_page.click_on(element_name)\n  File \"/home/runner/work/popup-automation/popup-automation/features/pages/emk24_page.py\", line 73, in click_on\n    super(Emk24Page, self).click_on(element_name)\n  File \"/home/runner/work/popup-automation/popup-automation/features/pages/base_page.py\", line 32, in click_on\n    self.hover_element(element_name)\n  File \"/home/runner/work/popup-automation/popup-automation/features/pages/base_page.py\", line 26, in hover_element\n    element = self.get_clickable_element(locator)\n  File \"/home/runner/work/popup-automation/popup-automation/features/pages/base_page.py\", line 65, in get_clickable_element\n    return WebDriverWait(self.driver, timeout).until(\n  File \"/opt/hostedtoolcache/Python/3.9.15/x64/lib/python3.9/site-packages/selenium/webdriver/support/wait.py\", line 80, in until\n    raise TimeoutException(message, screen, stacktrace)\n","steps":[],"attachments":[],"parameters":[],"stepsCount":0,"attachmentsCount":0,"shouldDisplayMessage":true,"hasContent":true},{"name":"When enter \"033456789\" in inn field","time":{"start":1669606895236,"stop":1669606895236,"duration":0},"status":"skipped","steps":[],"attachments":[],"parameters":[],"stepsCount":0,"attachmentsCount":0,"shouldDisplayMessage":false,"hasContent":false},{"name":"When enter \"+70000000000\" in standard phone field","time":{"start":1669606895236,"stop":1669606895236,"duration":0},"status":"skipped","steps":[],"attachments":[],"parameters":[],"stepsCount":0,"attachmentsCount":0,"shouldDisplayMessage":false,"hasContent":false},{"name":"When enter \"automation.emk@gmail.com\" in standard email field","time":{"start":1669606895236,"stop":1669606895236,"duration":0},"status":"skipped","steps":[],"attachments":[],"parameters":[],"stepsCount":0,"attachmentsCount":0,"shouldDisplayMessage":false,"hasContent":false},{"name":"When click on standard send button","time":{"start":1669606895236,"stop":1669606895236,"duration":0},"status":"skipped","steps":[],"attachments":[],"parameters":[],"stepsCount":0,"attachmentsCount":0,"shouldDisplayMessage":false,"hasContent":false},{"name":"Then text \"Проверьте, пожалуйста\" is displayed","time":{"start":1669606895236,"stop":1669606895236,"duration":0},"status":"skipped","steps":[],"attachments":[],"parameters":[],"stepsCount":0,"attachmentsCount":0,"shouldDisplayMessage":false,"hasContent":false},{"name":"Then email with \"033456789\" contains \"emk24.kz;Запрос на скачивание стандарта;[PHONE]: +70000000000;[EMAIL]: automation.emk@gmail.com\" in 900 sec","time":{"start":1669606895236,"stop":1669606895236,"duration":0},"status":"skipped","steps":[],"attachments":[],"parameters":[],"stepsCount":0,"attachmentsCount":0,"shouldDisplayMessage":false,"hasContent":false}],"attachments":[],"parameters":[],"stepsCount":20,"attachmentsCount":2,"shouldDisplayMessage":false,"hasContent":true},"afterStages":[],"labels":[{"name":"severity","value":"normal"},{"name":"tag","value":"regression"},{"name":"feature","value":"Проверка кнопки скачать снандарт emk24"},{"name":"framework","value":"behave"},{"name":"language","value":"cpython3"},{"name":"resultFormat","value":"allure2"}],"parameters":[{"name":"inn","value":"033456789"},{"name":"url","value":"emk24.kz"}],"links":[],"hidden":false,"retry":false,"extra":{"severity":"normal","retries":[],"categories":[{"name":"Test defects","matchedStatuses":[],"flaky":false}],"history":{"statistic":{"failed":0,"broken":5,"skipped":0,"passed":0,"unknown":0,"total":5},"items":[{"uid":"c131be3febc0324f","reportUrl":"https://automation-emk.github.io/popup-automation/28//#testresult/c131be3febc0324f","status":"broken","statusDetails":"selenium.common.exceptions.TimeoutException: Message: Не могу найти download pdf button в течение 5 сек\n\n","time":{"start":1669522061040,"stop":1669522101178,"duration":40138}},{"uid":"b0c2c2caea3a1adc","reportUrl":"https://automation-emk.github.io/popup-automation/27//#testresult/b0c2c2caea3a1adc","status":"broken","statusDetails":"selenium.common.exceptions.TimeoutException: Message: Не могу найти download pdf button в течение 5 сек\n\n","time":{"start":1669433898701,"stop":1669433937296,"duration":38595}},{"uid":"72efc0dfff8cb81","reportUrl":"https://automation-emk.github.io/popup-automation/26//#testresult/72efc0dfff8cb81","status":"broken","statusDetails":"selenium.common.exceptions.TimeoutException: Message: Не могу найти download pdf button в течение 5 сек\n\n","time":{"start":1669348962731,"stop":1669349004536,"duration":41805}},{"uid":"47e2d53e4d26e302","reportUrl":"https://automation-emk.github.io/popup-automation/25//#testresult/47e2d53e4d26e302","status":"broken","statusDetails":"selenium.common.exceptions.TimeoutException: Message: Не могу найти download pdf button в течение 5 сек\n\n","time":{"start":1669286434585,"stop":1669286472792,"duration":38207}}]},"tags":["regression"]},"source":"e676285c1b25ae.json","parameterValues":["033456789","emk24.kz"]}