{"uid":"2e8cd10825c14e95","name":"Скачать стандарт emk24 -- @1.1 ","fullName":"Проверка кнопки скачать снандарт emk24: Скачать стандарт emk24","historyId":"e3647331ab71b78d7ff6afbaa2c99cee","time":{"start":1669521990129,"stop":1669522023922,"duration":33793},"status":"broken","statusMessage":"selenium.common.exceptions.TimeoutException: Message: Не могу найти download pdf button в течение 5 сек\n\n","statusTrace":"  File \"/opt/hostedtoolcache/Python/3.9.15/x64/lib/python3.9/site-packages/behave/model.py\", line 1812, in run\n    match.run(runner.context)\n  File \"/opt/hostedtoolcache/Python/3.9.15/x64/lib/python3.9/site-packages/behave/matchers.py\", line 97, in run\n    self.func(context, *args, **kwargs)\n  File \"features/steps/basic_steps.py\", line 31, in click_on\n    context.current_page.click_on(element_name)\n  File \"/home/runner/work/popup-automation/popup-automation/features/pages/emk24_page.py\", line 73, in click_on\n    super(Emk24Page, self).click_on(element_name)\n  File \"/home/runner/work/popup-automation/popup-automation/features/pages/base_page.py\", line 32, in click_on\n    self.hover_element(element_name)\n  File \"/home/runner/work/popup-automation/popup-automation/features/pages/base_page.py\", line 26, in hover_element\n    element = self.get_clickable_element(locator)\n  File \"/home/runner/work/popup-automation/popup-automation/features/pages/base_page.py\", line 65, in get_clickable_element\n    return WebDriverWait(self.driver, timeout).until(\n  File \"/opt/hostedtoolcache/Python/3.9.15/x64/lib/python3.9/site-packages/selenium/webdriver/support/wait.py\", line 80, in until\n    raise TimeoutException(message, screen, stacktrace)\n","flaky":false,"newFailed":false,"newBroken":false,"newPassed":false,"retriesCount":0,"retriesStatusChange":false,"beforeStages":[],"testStage":{"status":"broken","statusMessage":"selenium.common.exceptions.TimeoutException: Message: Не могу найти download pdf button в течение 5 сек\n\n","statusTrace":"  File \"/opt/hostedtoolcache/Python/3.9.15/x64/lib/python3.9/site-packages/behave/model.py\", line 1812, in run\n    match.run(runner.context)\n  File \"/opt/hostedtoolcache/Python/3.9.15/x64/lib/python3.9/site-packages/behave/matchers.py\", line 97, in run\n    self.func(context, *args, **kwargs)\n  File \"features/steps/basic_steps.py\", line 31, in click_on\n    context.current_page.click_on(element_name)\n  File \"/home/runner/work/popup-automation/popup-automation/features/pages/emk24_page.py\", line 73, in click_on\n    super(Emk24Page, self).click_on(element_name)\n  File \"/home/runner/work/popup-automation/popup-automation/features/pages/base_page.py\", line 32, in click_on\n    self.hover_element(element_name)\n  File \"/home/runner/work/popup-automation/popup-automation/features/pages/base_page.py\", line 26, in hover_element\n    element = self.get_clickable_element(locator)\n  File \"/home/runner/work/popup-automation/popup-automation/features/pages/base_page.py\", line 65, in get_clickable_element\n    return WebDriverWait(self.driver, timeout).until(\n  File \"/opt/hostedtoolcache/Python/3.9.15/x64/lib/python3.9/site-packages/selenium/webdriver/support/wait.py\", line 80, in until\n    raise TimeoutException(message, screen, stacktrace)\n","steps":[{"name":"Given open emk24.ru page","time":{"start":1669521990181,"stop":1669521991912,"duration":1731},"status":"passed","steps":[],"attachments":[],"parameters":[],"stepsCount":0,"attachmentsCount":0,"shouldDisplayMessage":false,"hasContent":false},{"name":"When open url: \"emk24.ru/wiki/ansi_standarty/\"","time":{"start":1669521991912,"stop":1669521992572,"duration":660},"status":"passed","steps":[],"attachments":[],"parameters":[],"stepsCount":0,"attachmentsCount":0,"shouldDisplayMessage":false,"hasContent":false},{"name":"When click on first standard button","time":{"start":1669521992572,"stop":1669521995816,"duration":3244},"status":"passed","steps":[],"attachments":[],"parameters":[],"stepsCount":0,"attachmentsCount":0,"shouldDisplayMessage":false,"hasContent":false},{"name":"When click on download pdf button","time":{"start":1669521995816,"stop":1669522008493,"duration":12677},"status":"broken","statusMessage":"selenium.common.exceptions.TimeoutException: Message: Не могу найти download pdf button в течение 5 сек\n\n","statusTrace":"  File \"/opt/hostedtoolcache/Python/3.9.15/x64/lib/python3.9/site-packages/behave/model.py\", line 1812, in run\n    match.run(runner.context)\n  File \"/opt/hostedtoolcache/Python/3.9.15/x64/lib/python3.9/site-packages/behave/matchers.py\", line 97, in run\n    self.func(context, *args, **kwargs)\n  File \"features/steps/basic_steps.py\", line 31, in click_on\n    context.current_page.click_on(element_name)\n  File \"/home/runner/work/popup-automation/popup-automation/features/pages/emk24_page.py\", line 73, in click_on\n    super(Emk24Page, self).click_on(element_name)\n  File \"/home/runner/work/popup-automation/popup-automation/features/pages/base_page.py\", line 32, in click_on\n    self.hover_element(element_name)\n  File \"/home/runner/work/popup-automation/popup-automation/features/pages/base_page.py\", line 26, in hover_element\n    element = self.get_clickable_element(locator)\n  File \"/home/runner/work/popup-automation/popup-automation/features/pages/base_page.py\", line 65, in get_clickable_element\n    return WebDriverWait(self.driver, timeout).until(\n  File \"/opt/hostedtoolcache/Python/3.9.15/x64/lib/python3.9/site-packages/selenium/webdriver/support/wait.py\", line 80, in until\n    raise TimeoutException(message, screen, stacktrace)\n","steps":[],"attachments":[{"uid":"db0370b3a482caf0","name":"screenshot","source":"db0370b3a482caf0.png","type":"image/png","size":302738}],"parameters":[],"stepsCount":0,"attachmentsCount":1,"shouldDisplayMessage":true,"hasContent":true},{"name":"When enter \"013456789\" in inn field","time":{"start":1669522008556,"stop":1669522009355,"duration":799},"status":"passed","steps":[],"attachments":[],"parameters":[],"stepsCount":0,"attachmentsCount":0,"shouldDisplayMessage":false,"hasContent":false},{"name":"When enter \"+70000000000\" in standard phone field","time":{"start":1669522009355,"stop":1669522010179,"duration":824},"status":"passed","steps":[],"attachments":[],"parameters":[],"stepsCount":0,"attachmentsCount":0,"shouldDisplayMessage":false,"hasContent":false},{"name":"When enter \"automation.emk@gmail.com\" in standard email field","time":{"start":1669522010179,"stop":1669522011757,"duration":1578},"status":"passed","steps":[],"attachments":[],"parameters":[],"stepsCount":0,"attachmentsCount":0,"shouldDisplayMessage":false,"hasContent":false},{"name":"When click on standard send button","time":{"start":1669522011757,"stop":1669522023920,"duration":12163},"status":"broken","statusMessage":"selenium.common.exceptions.TimeoutException: Message: Не могу найти download pdf button в течение 5 сек\n\n","statusTrace":"  File \"/opt/hostedtoolcache/Python/3.9.15/x64/lib/python3.9/site-packages/behave/model.py\", line 1812, in run\n    match.run(runner.context)\n  File \"/opt/hostedtoolcache/Python/3.9.15/x64/lib/python3.9/site-packages/behave/matchers.py\", line 97, in run\n    self.func(context, *args, **kwargs)\n  File \"features/steps/basic_steps.py\", line 31, in click_on\n    context.current_page.click_on(element_name)\n  File \"/home/runner/work/popup-automation/popup-automation/features/pages/emk24_page.py\", line 73, in click_on\n    super(Emk24Page, self).click_on(element_name)\n  File \"/home/runner/work/popup-automation/popup-automation/features/pages/base_page.py\", line 32, in click_on\n    self.hover_element(element_name)\n  File \"/home/runner/work/popup-automation/popup-automation/features/pages/base_page.py\", line 26, in hover_element\n    element = self.get_clickable_element(locator)\n  File \"/home/runner/work/popup-automation/popup-automation/features/pages/base_page.py\", line 65, in get_clickable_element\n    return WebDriverWait(self.driver, timeout).until(\n  File \"/opt/hostedtoolcache/Python/3.9.15/x64/lib/python3.9/site-packages/selenium/webdriver/support/wait.py\", line 80, in until\n    raise TimeoutException(message, screen, stacktrace)\n","steps":[],"attachments":[{"uid":"f042bd07bcfbb8c9","name":"screenshot","source":"f042bd07bcfbb8c9.png","type":"image/png","size":302636}],"parameters":[],"stepsCount":0,"attachmentsCount":1,"shouldDisplayMessage":true,"hasContent":true},{"name":"Then text \"Проверьте, пожалуйста\" is displayed","time":{"start":1669522023921,"stop":1669522023921,"duration":0},"status":"skipped","steps":[],"attachments":[],"parameters":[],"stepsCount":0,"attachmentsCount":0,"shouldDisplayMessage":false,"hasContent":false},{"name":"Then email with \"013456789\" contains \"emk24.ru;Запрос на скачивание стандарта;[PHONE]: +70000000000;[EMAIL]: automation.emk@gmail.com\" in 900 sec","time":{"start":1669522023921,"stop":1669522023921,"duration":0},"status":"skipped","steps":[],"attachments":[],"parameters":[],"stepsCount":0,"attachmentsCount":0,"shouldDisplayMessage":false,"hasContent":false},{"name":"Given open emk24.ru page","time":{"start":1669522023921,"stop":1669522023921,"duration":0},"status":"passed","steps":[],"attachments":[],"parameters":[],"stepsCount":0,"attachmentsCount":0,"shouldDisplayMessage":false,"hasContent":false},{"name":"When open url: \"emk24.ru/wiki/ansi_standarty/\"","time":{"start":1669522023921,"stop":1669522023921,"duration":0},"status":"passed","steps":[],"attachments":[],"parameters":[],"stepsCount":0,"attachmentsCount":0,"shouldDisplayMessage":false,"hasContent":false},{"name":"When click on first standard button","time":{"start":1669522023921,"stop":1669522023921,"duration":0},"status":"passed","steps":[],"attachments":[],"parameters":[],"stepsCount":0,"attachmentsCount":0,"shouldDisplayMessage":false,"hasContent":false},{"name":"When click on download pdf button","time":{"start":1669522023921,"stop":1669522023921,"duration":0},"status":"broken","statusMessage":"selenium.common.exceptions.TimeoutException: Message: Не могу найти download pdf button в течение 5 сек\n\n","statusTrace":"  File \"/opt/hostedtoolcache/Python/3.9.15/x64/lib/python3.9/site-packages/behave/model.py\", line 1812, in run\n    match.run(runner.context)\n  File \"/opt/hostedtoolcache/Python/3.9.15/x64/lib/python3.9/site-packages/behave/matchers.py\", line 97, in run\n    self.func(context, *args, **kwargs)\n  File \"features/steps/basic_steps.py\", line 31, in click_on\n    context.current_page.click_on(element_name)\n  File \"/home/runner/work/popup-automation/popup-automation/features/pages/emk24_page.py\", line 73, in click_on\n    super(Emk24Page, self).click_on(element_name)\n  File \"/home/runner/work/popup-automation/popup-automation/features/pages/base_page.py\", line 32, in click_on\n    self.hover_element(element_name)\n  File \"/home/runner/work/popup-automation/popup-automation/features/pages/base_page.py\", line 26, in hover_element\n    element = self.get_clickable_element(locator)\n  File \"/home/runner/work/popup-automation/popup-automation/features/pages/base_page.py\", line 65, in get_clickable_element\n    return WebDriverWait(self.driver, timeout).until(\n  File \"/opt/hostedtoolcache/Python/3.9.15/x64/lib/python3.9/site-packages/selenium/webdriver/support/wait.py\", line 80, in until\n    raise TimeoutException(message, screen, stacktrace)\n","steps":[],"attachments":[],"parameters":[],"stepsCount":0,"attachmentsCount":0,"shouldDisplayMessage":true,"hasContent":true},{"name":"When enter \"013456789\" in inn field","time":{"start":1669522023921,"stop":1669522023921,"duration":0},"status":"skipped","steps":[],"attachments":[],"parameters":[],"stepsCount":0,"attachmentsCount":0,"shouldDisplayMessage":false,"hasContent":false},{"name":"When enter \"+70000000000\" in standard phone field","time":{"start":1669522023921,"stop":1669522023921,"duration":0},"status":"skipped","steps":[],"attachments":[],"parameters":[],"stepsCount":0,"attachmentsCount":0,"shouldDisplayMessage":false,"hasContent":false},{"name":"When enter \"automation.emk@gmail.com\" in standard email field","time":{"start":1669522023921,"stop":1669522023921,"duration":0},"status":"skipped","steps":[],"attachments":[],"parameters":[],"stepsCount":0,"attachmentsCount":0,"shouldDisplayMessage":false,"hasContent":false},{"name":"When click on standard send button","time":{"start":1669522023921,"stop":1669522023921,"duration":0},"status":"skipped","steps":[],"attachments":[],"parameters":[],"stepsCount":0,"attachmentsCount":0,"shouldDisplayMessage":false,"hasContent":false},{"name":"Then text \"Проверьте, пожалуйста\" is displayed","time":{"start":1669522023921,"stop":1669522023922,"duration":1},"status":"skipped","steps":[],"attachments":[],"parameters":[],"stepsCount":0,"attachmentsCount":0,"shouldDisplayMessage":false,"hasContent":false},{"name":"Then email with \"013456789\" contains \"emk24.ru;Запрос на скачивание стандарта;[PHONE]: +70000000000;[EMAIL]: automation.emk@gmail.com\" in 900 sec","time":{"start":1669522023922,"stop":1669522023922,"duration":0},"status":"skipped","steps":[],"attachments":[],"parameters":[],"stepsCount":0,"attachmentsCount":0,"shouldDisplayMessage":false,"hasContent":false}],"attachments":[],"parameters":[],"stepsCount":20,"attachmentsCount":2,"shouldDisplayMessage":false,"hasContent":true},"afterStages":[],"labels":[{"name":"severity","value":"normal"},{"name":"tag","value":"regression"},{"name":"feature","value":"Проверка кнопки скачать снандарт emk24"},{"name":"framework","value":"behave"},{"name":"language","value":"cpython3"},{"name":"resultFormat","value":"allure2"}],"parameters":[{"name":"inn","value":"013456789"},{"name":"url","value":"emk24.ru"}],"links":[],"hidden":false,"retry":false,"extra":{"severity":"normal","retries":[],"categories":[{"name":"Test defects","matchedStatuses":[],"flaky":false}],"history":{"statistic":{"failed":0,"broken":4,"skipped":0,"passed":0,"unknown":0,"total":4},"items":[{"uid":"c4cfc4752e49312d","reportUrl":"https://automation-emk.github.io/popup-automation/27//#testresult/c4cfc4752e49312d","status":"broken","statusDetails":"selenium.common.exceptions.TimeoutException: Message: Не могу найти download pdf button в течение 5 сек\n\n","time":{"start":1669433832659,"stop":1669433864314,"duration":31655}},{"uid":"238201767fe54994","reportUrl":"https://automation-emk.github.io/popup-automation/26//#testresult/238201767fe54994","status":"broken","statusDetails":"selenium.common.exceptions.TimeoutException: Message: Не могу найти download pdf button в течение 5 сек\n\n","time":{"start":1669348892355,"stop":1669348925962,"duration":33607}},{"uid":"bc9a5aa6912b1273","reportUrl":"https://automation-emk.github.io/popup-automation/25//#testresult/bc9a5aa6912b1273","status":"broken","statusDetails":"selenium.common.exceptions.TimeoutException: Message: Не могу найти download pdf button в течение 5 сек\n\n","time":{"start":1669286365810,"stop":1669286397014,"duration":31204}}]},"tags":["regression"]},"source":"2e8cd10825c14e95.json","parameterValues":["013456789","emk24.ru"]}