{"uid":"98768bb7f3f32a90","name":"Скачать стандарт emk24 -- @1.2 ","fullName":"Проверка кнопки скачать снандарт emk24: Скачать стандарт emk24","historyId":"b9b008694cb8c3c9c20cb5d5af5f199b","time":{"start":1669522023923,"stop":1669522061039,"duration":37116},"status":"broken","statusMessage":"selenium.common.exceptions.TimeoutException: Message: Не могу найти download pdf button в течение 5 сек\n\n","statusTrace":"  File \"/opt/hostedtoolcache/Python/3.9.15/x64/lib/python3.9/site-packages/behave/model.py\", line 1812, in run\n    match.run(runner.context)\n  File \"/opt/hostedtoolcache/Python/3.9.15/x64/lib/python3.9/site-packages/behave/matchers.py\", line 97, in run\n    self.func(context, *args, **kwargs)\n  File \"features/steps/basic_steps.py\", line 31, in click_on\n    context.current_page.click_on(element_name)\n  File \"/home/runner/work/popup-automation/popup-automation/features/pages/emk24_page.py\", line 73, in click_on\n    super(Emk24Page, self).click_on(element_name)\n  File \"/home/runner/work/popup-automation/popup-automation/features/pages/base_page.py\", line 32, in click_on\n    self.hover_element(element_name)\n  File \"/home/runner/work/popup-automation/popup-automation/features/pages/base_page.py\", line 26, in hover_element\n    element = self.get_clickable_element(locator)\n  File \"/home/runner/work/popup-automation/popup-automation/features/pages/base_page.py\", line 65, in get_clickable_element\n    return WebDriverWait(self.driver, timeout).until(\n  File \"/opt/hostedtoolcache/Python/3.9.15/x64/lib/python3.9/site-packages/selenium/webdriver/support/wait.py\", line 80, in until\n    raise TimeoutException(message, screen, stacktrace)\n","flaky":false,"newFailed":false,"newBroken":false,"newPassed":false,"retriesCount":0,"retriesStatusChange":false,"beforeStages":[],"testStage":{"status":"broken","statusMessage":"selenium.common.exceptions.TimeoutException: Message: Не могу найти download pdf button в течение 5 сек\n\n","statusTrace":"  File \"/opt/hostedtoolcache/Python/3.9.15/x64/lib/python3.9/site-packages/behave/model.py\", line 1812, in run\n    match.run(runner.context)\n  File \"/opt/hostedtoolcache/Python/3.9.15/x64/lib/python3.9/site-packages/behave/matchers.py\", line 97, in run\n    self.func(context, *args, **kwargs)\n  File \"features/steps/basic_steps.py\", line 31, in click_on\n    context.current_page.click_on(element_name)\n  File \"/home/runner/work/popup-automation/popup-automation/features/pages/emk24_page.py\", line 73, in click_on\n    super(Emk24Page, self).click_on(element_name)\n  File \"/home/runner/work/popup-automation/popup-automation/features/pages/base_page.py\", line 32, in click_on\n    self.hover_element(element_name)\n  File \"/home/runner/work/popup-automation/popup-automation/features/pages/base_page.py\", line 26, in hover_element\n    element = self.get_clickable_element(locator)\n  File \"/home/runner/work/popup-automation/popup-automation/features/pages/base_page.py\", line 65, in get_clickable_element\n    return WebDriverWait(self.driver, timeout).until(\n  File \"/opt/hostedtoolcache/Python/3.9.15/x64/lib/python3.9/site-packages/selenium/webdriver/support/wait.py\", line 80, in until\n    raise TimeoutException(message, screen, stacktrace)\n","steps":[{"name":"Given open emk24.by page","time":{"start":1669522023970,"stop":1669522027298,"duration":3328},"status":"passed","steps":[],"attachments":[],"parameters":[],"stepsCount":0,"attachmentsCount":0,"shouldDisplayMessage":false,"hasContent":false},{"name":"When open url: \"emk24.by/wiki/ansi_standarty/\"","time":{"start":1669522027298,"stop":1669522029022,"duration":1724},"status":"passed","steps":[],"attachments":[],"parameters":[],"stepsCount":0,"attachmentsCount":0,"shouldDisplayMessage":false,"hasContent":false},{"name":"When click on first standard button","time":{"start":1669522029023,"stop":1669522031805,"duration":2782},"status":"passed","steps":[],"attachments":[],"parameters":[],"stepsCount":0,"attachmentsCount":0,"shouldDisplayMessage":false,"hasContent":false},{"name":"When click on download pdf button","time":{"start":1669522031805,"stop":1669522043990,"duration":12185},"status":"broken","statusMessage":"selenium.common.exceptions.TimeoutException: Message: Не могу найти download pdf button в течение 5 сек\n\n","statusTrace":"  File \"/opt/hostedtoolcache/Python/3.9.15/x64/lib/python3.9/site-packages/behave/model.py\", line 1812, in run\n    match.run(runner.context)\n  File \"/opt/hostedtoolcache/Python/3.9.15/x64/lib/python3.9/site-packages/behave/matchers.py\", line 97, in run\n    self.func(context, *args, **kwargs)\n  File \"features/steps/basic_steps.py\", line 31, in click_on\n    context.current_page.click_on(element_name)\n  File \"/home/runner/work/popup-automation/popup-automation/features/pages/emk24_page.py\", line 73, in click_on\n    super(Emk24Page, self).click_on(element_name)\n  File \"/home/runner/work/popup-automation/popup-automation/features/pages/base_page.py\", line 32, in click_on\n    self.hover_element(element_name)\n  File \"/home/runner/work/popup-automation/popup-automation/features/pages/base_page.py\", line 26, in hover_element\n    element = self.get_clickable_element(locator)\n  File \"/home/runner/work/popup-automation/popup-automation/features/pages/base_page.py\", line 65, in get_clickable_element\n    return WebDriverWait(self.driver, timeout).until(\n  File \"/opt/hostedtoolcache/Python/3.9.15/x64/lib/python3.9/site-packages/selenium/webdriver/support/wait.py\", line 80, in until\n    raise TimeoutException(message, screen, stacktrace)\n","steps":[],"attachments":[{"uid":"c36eb131939c76a8","name":"screenshot","source":"c36eb131939c76a8.png","type":"image/png","size":303811}],"parameters":[],"stepsCount":0,"attachmentsCount":1,"shouldDisplayMessage":true,"hasContent":true},{"name":"When enter \"023456789\" in inn field","time":{"start":1669522044037,"stop":1669522045612,"duration":1575},"status":"passed","steps":[],"attachments":[],"parameters":[],"stepsCount":0,"attachmentsCount":0,"shouldDisplayMessage":false,"hasContent":false},{"name":"When enter \"+70000000000\" in standard phone field","time":{"start":1669522045612,"stop":1669522046915,"duration":1303},"status":"passed","steps":[],"attachments":[],"parameters":[],"stepsCount":0,"attachmentsCount":0,"shouldDisplayMessage":false,"hasContent":false},{"name":"When enter \"automation.emk@gmail.com\" in standard email field","time":{"start":1669522046915,"stop":1669522049016,"duration":2101},"status":"passed","steps":[],"attachments":[],"parameters":[],"stepsCount":0,"attachmentsCount":0,"shouldDisplayMessage":false,"hasContent":false},{"name":"When click on standard send button","time":{"start":1669522049016,"stop":1669522061013,"duration":11997},"status":"broken","statusMessage":"selenium.common.exceptions.TimeoutException: Message: Не могу найти download pdf button в течение 5 сек\n\n","statusTrace":"  File \"/opt/hostedtoolcache/Python/3.9.15/x64/lib/python3.9/site-packages/behave/model.py\", line 1812, in run\n    match.run(runner.context)\n  File \"/opt/hostedtoolcache/Python/3.9.15/x64/lib/python3.9/site-packages/behave/matchers.py\", line 97, in run\n    self.func(context, *args, **kwargs)\n  File \"features/steps/basic_steps.py\", line 31, in click_on\n    context.current_page.click_on(element_name)\n  File \"/home/runner/work/popup-automation/popup-automation/features/pages/emk24_page.py\", line 73, in click_on\n    super(Emk24Page, self).click_on(element_name)\n  File \"/home/runner/work/popup-automation/popup-automation/features/pages/base_page.py\", line 32, in click_on\n    self.hover_element(element_name)\n  File \"/home/runner/work/popup-automation/popup-automation/features/pages/base_page.py\", line 26, in hover_element\n    element = self.get_clickable_element(locator)\n  File \"/home/runner/work/popup-automation/popup-automation/features/pages/base_page.py\", line 65, in get_clickable_element\n    return WebDriverWait(self.driver, timeout).until(\n  File \"/opt/hostedtoolcache/Python/3.9.15/x64/lib/python3.9/site-packages/selenium/webdriver/support/wait.py\", line 80, in until\n    raise TimeoutException(message, screen, stacktrace)\n","steps":[],"attachments":[{"uid":"87f85fc376aa3b53","name":"screenshot","source":"87f85fc376aa3b53.png","type":"image/png","size":303811}],"parameters":[],"stepsCount":0,"attachmentsCount":1,"shouldDisplayMessage":true,"hasContent":true},{"name":"Then text \"Проверьте, пожалуйста\" is displayed","time":{"start":1669522061013,"stop":1669522061013,"duration":0},"status":"skipped","steps":[],"attachments":[],"parameters":[],"stepsCount":0,"attachmentsCount":0,"shouldDisplayMessage":false,"hasContent":false},{"name":"Then email with \"023456789\" contains \"emk24.by;Запрос на скачивание стандарта;[PHONE]: +70000000000;[EMAIL]: automation.emk@gmail.com\" in 900 sec","time":{"start":1669522061013,"stop":1669522061013,"duration":0},"status":"skipped","steps":[],"attachments":[],"parameters":[],"stepsCount":0,"attachmentsCount":0,"shouldDisplayMessage":false,"hasContent":false},{"name":"Given open emk24.by page","time":{"start":1669522061013,"stop":1669522061013,"duration":0},"status":"passed","steps":[],"attachments":[],"parameters":[],"stepsCount":0,"attachmentsCount":0,"shouldDisplayMessage":false,"hasContent":false},{"name":"When open url: \"emk24.by/wiki/ansi_standarty/\"","time":{"start":1669522061013,"stop":1669522061013,"duration":0},"status":"passed","steps":[],"attachments":[],"parameters":[],"stepsCount":0,"attachmentsCount":0,"shouldDisplayMessage":false,"hasContent":false},{"name":"When click on first standard button","time":{"start":1669522061013,"stop":1669522061013,"duration":0},"status":"passed","steps":[],"attachments":[],"parameters":[],"stepsCount":0,"attachmentsCount":0,"shouldDisplayMessage":false,"hasContent":false},{"name":"When click on download pdf button","time":{"start":1669522061013,"stop":1669522061038,"duration":25},"status":"broken","statusMessage":"selenium.common.exceptions.TimeoutException: Message: Не могу найти download pdf button в течение 5 сек\n\n","statusTrace":"  File \"/opt/hostedtoolcache/Python/3.9.15/x64/lib/python3.9/site-packages/behave/model.py\", line 1812, in run\n    match.run(runner.context)\n  File \"/opt/hostedtoolcache/Python/3.9.15/x64/lib/python3.9/site-packages/behave/matchers.py\", line 97, in run\n    self.func(context, *args, **kwargs)\n  File \"features/steps/basic_steps.py\", line 31, in click_on\n    context.current_page.click_on(element_name)\n  File \"/home/runner/work/popup-automation/popup-automation/features/pages/emk24_page.py\", line 73, in click_on\n    super(Emk24Page, self).click_on(element_name)\n  File \"/home/runner/work/popup-automation/popup-automation/features/pages/base_page.py\", line 32, in click_on\n    self.hover_element(element_name)\n  File \"/home/runner/work/popup-automation/popup-automation/features/pages/base_page.py\", line 26, in hover_element\n    element = self.get_clickable_element(locator)\n  File \"/home/runner/work/popup-automation/popup-automation/features/pages/base_page.py\", line 65, in get_clickable_element\n    return WebDriverWait(self.driver, timeout).until(\n  File \"/opt/hostedtoolcache/Python/3.9.15/x64/lib/python3.9/site-packages/selenium/webdriver/support/wait.py\", line 80, in until\n    raise TimeoutException(message, screen, stacktrace)\n","steps":[],"attachments":[],"parameters":[],"stepsCount":0,"attachmentsCount":0,"shouldDisplayMessage":true,"hasContent":true},{"name":"When enter \"023456789\" in inn field","time":{"start":1669522061038,"stop":1669522061038,"duration":0},"status":"skipped","steps":[],"attachments":[],"parameters":[],"stepsCount":0,"attachmentsCount":0,"shouldDisplayMessage":false,"hasContent":false},{"name":"When enter \"+70000000000\" in standard phone field","time":{"start":1669522061038,"stop":1669522061038,"duration":0},"status":"skipped","steps":[],"attachments":[],"parameters":[],"stepsCount":0,"attachmentsCount":0,"shouldDisplayMessage":false,"hasContent":false},{"name":"When enter \"automation.emk@gmail.com\" in standard email field","time":{"start":1669522061038,"stop":1669522061038,"duration":0},"status":"skipped","steps":[],"attachments":[],"parameters":[],"stepsCount":0,"attachmentsCount":0,"shouldDisplayMessage":false,"hasContent":false},{"name":"When click on standard send button","time":{"start":1669522061039,"stop":1669522061039,"duration":0},"status":"skipped","steps":[],"attachments":[],"parameters":[],"stepsCount":0,"attachmentsCount":0,"shouldDisplayMessage":false,"hasContent":false},{"name":"Then text \"Проверьте, пожалуйста\" is displayed","time":{"start":1669522061039,"stop":1669522061039,"duration":0},"status":"skipped","steps":[],"attachments":[],"parameters":[],"stepsCount":0,"attachmentsCount":0,"shouldDisplayMessage":false,"hasContent":false},{"name":"Then email with \"023456789\" contains \"emk24.by;Запрос на скачивание стандарта;[PHONE]: +70000000000;[EMAIL]: automation.emk@gmail.com\" in 900 sec","time":{"start":1669522061039,"stop":1669522061039,"duration":0},"status":"skipped","steps":[],"attachments":[],"parameters":[],"stepsCount":0,"attachmentsCount":0,"shouldDisplayMessage":false,"hasContent":false}],"attachments":[],"parameters":[],"stepsCount":20,"attachmentsCount":2,"shouldDisplayMessage":false,"hasContent":true},"afterStages":[],"labels":[{"name":"severity","value":"normal"},{"name":"tag","value":"regression"},{"name":"feature","value":"Проверка кнопки скачать снандарт emk24"},{"name":"framework","value":"behave"},{"name":"language","value":"cpython3"},{"name":"resultFormat","value":"allure2"}],"parameters":[{"name":"inn","value":"023456789"},{"name":"url","value":"emk24.by"}],"links":[],"hidden":false,"retry":false,"extra":{"severity":"normal","retries":[],"categories":[{"name":"Test defects","matchedStatuses":[],"flaky":false}],"history":{"statistic":{"failed":0,"broken":4,"skipped":0,"passed":0,"unknown":0,"total":4},"items":[{"uid":"d5527a5e92bb0323","reportUrl":"https://automation-emk.github.io/popup-automation/27//#testresult/d5527a5e92bb0323","status":"broken","statusDetails":"selenium.common.exceptions.TimeoutException: Message: Не могу найти download pdf button в течение 5 сек\n\n","time":{"start":1669433864315,"stop":1669433898700,"duration":34385}},{"uid":"f2deac8164f6045d","reportUrl":"https://automation-emk.github.io/popup-automation/26//#testresult/f2deac8164f6045d","status":"broken","statusDetails":"selenium.common.exceptions.TimeoutException: Message: Не могу найти download pdf button в течение 5 сек\n\n","time":{"start":1669348925963,"stop":1669348962729,"duration":36766}},{"uid":"af271aab0a10fff3","reportUrl":"https://automation-emk.github.io/popup-automation/25//#testresult/af271aab0a10fff3","status":"broken","statusDetails":"selenium.common.exceptions.TimeoutException: Message: Не могу найти download pdf button в течение 5 сек\n\n","time":{"start":1669286397015,"stop":1669286434584,"duration":37569}}]},"tags":["regression"]},"source":"98768bb7f3f32a90.json","parameterValues":["023456789","emk24.by"]}